<?xml version="1.0" encoding="UTF-8"?>
<testng-results ignored="0" total="2" passed="2" failed="0" skipped="0">
  <reporter-output>
  </reporter-output>
  <suite started-at="2026-09-04T16:59:47 IST" name="Default suite" finished-at="2026-09-04T16:59:56 IST" duration-ms="9130">
    <groups>
    </groups>
    <test started-at="2026-09-04T16:59:47 IST" name="Default test" finished-at="2026-09-04T16:59:56 IST" duration-ms="9130">
      <class name="github.Git">
        <test-method is-config="true" signature="setup()[pri:0, instance:github.Git@3c41ed1d]" started-at="2026-09-04T16:59:47 IST" name="setup" finished-at="2026-09-04T16:59:54 IST" duration-ms="6879" status="PASS">
          <reporter-output>
          </reporter-output>
        </test-method> <!-- setup -->
        <test-method signature="fail()[pri:1, instance:github.Git@3c41ed1d]" started-at="2026-09-04T16:59:54 IST" name="fail" finished-at="2026-09-04T16:59:54 IST" duration-ms="399" status="PASS">
          <reporter-output>
          </reporter-output>
        </test-method> <!-- fail -->
        <test-method signature="first()[pri:2, instance:github.Git@3c41ed1d]" started-at="2026-09-04T16:59:54 IST" name="first" finished-at="2026-09-04T16:59:56 IST" duration-ms="1490" status="PASS">
          <reporter-output>
          </reporter-output>
        </test-method> <!-- first -->
        <test-method is-config="true" signature="tra()[pri:0, instance:github.Git@3c41ed1d]" started-at="2026-09-04T16:59:56 IST" name="tra" finished-at="2026-09-04T16:59:56 IST" duration-ms="300" status="PASS">
          <reporter-output>
          </reporter-output>
        </test-method> <!-- tra -->
      </class> <!-- github.Git -->
    </test> <!-- Default test -->
  </suite> <!-- Default suite -->
</testng-results>
